<?xml version="1.0" encoding="UTF-8"?>
<testsuite xmlns:xsi="http://www.w3.org/2001/XMLSchema-instance" xsi:noNamespaceSchemaLocation="https://maven.apache.org/surefire/maven-surefire-plugin/xsd/surefire-test-report.xsd" version="3.0.2" name="AppTest" time="0.487" tests="5" errors="0" skipped="0" failures="0">
  <properties>
[...]
</properties>
  <testcase name="testDivideByZero" classname="AppTest" time="0.414"/>
  <testcase name="testAdd" classname="AppTest" time="0.003"/>
  <testcase name="TestMain" classname="AppTest" time="0.017">
    <system-out><![CDATA[2026-04-28 22:22:19 [main] INFO  App - Starting Application...
2026-04-28 22:22:19 [main] INFO  App - Phep cong: 10 + 5 = 15
2026-04-28 22:22:19 [main] INFO  App - Phep chia: 10 / 5 = 2.0
]]></system-out>
  </testcase>
  <testcase name="testAddNegative" classname="AppTest" time="0.002"/>
  <testcase name="testDivideSuccess" classname="AppTest" time="0.004"/>
</testsuite>